Arguments: 
  /Users/ddd/.nvm/versions/node/v14.4.0/bin/node /usr/local/Cellar/yarn/1.19.1/libexec/bin/yarn.js

PATH: 
  /Users/ddd/.nvm/versions/node/v14.4.0/bin:/usr/local/bin:/usr/bin:/bin:/usr/sbin:/sbin:/Users/ddd/hooks/node_modules/.bin

Yarn version: 
  1.19.1

Node version: 
  14.4.0

Platform: 
  darwin x64

Trace: 
  Error: https://registry.yarnpkg.com/@inner-desktop%2fuse-request: Not found
      at Request.params.callback [as _callback] (/usr/local/Cellar/yarn/1.19.1/libexec/lib/cli.js:66926:18)
      at Request.self.callback (/usr/local/Cellar/yarn/1.19.1/libexec/lib/cli.js:140564:22)
      at Request.emit (events.js:315:20)
      at Request.<anonymous> (/usr/local/Cellar/yarn/1.19.1/libexec/lib/cli.js:141536:10)
      at Request.emit (events.js:315:20)
      at IncomingMessage.<anonymous> (/usr/local/Cellar/yarn/1.19.1/libexec/lib/cli.js:141458:12)
      at Object.onceWrapper (events.js:421:28)
      at IncomingMessage.emit (events.js:327:22)
      at endReadableNT (_stream_readable.js:1224:12)
      at processTicksAndRejections (internal/process/task_queues.js:84:21)

npm manifest: 
  {
    "name": "@inner-desktop/hooks",
    "version": "1.9.5",
    "description": "react hooks library",
    "keywords": [
      "umi hooks",
      "react hooks"
    ],
    "main": "dist/hooks.common.js",
    "module": "dist/hooks.esm.js",
    "types": "types/index.d.ts",
    "authors": {
      "name": "brickspert",
      "email": "brickspert.fjl@alipay.com"
    },
    "publishConfig": {
      "registry": "https://registry.npmjs.com/"
    },
    "repository": "https://github.com/umijs/hooks",
    "homepage": "https://github.com/umijs/hooks",
    "scripts": {
      "build:declaration:": "tsc --declarationDir types",
      "build:js": "rollup -c"
    },
    "files": [
      "src",
      "dist",
      "types"
    ],
    "dependencies": {
      "@inner-desktop/use-request": "^1.4.5",
      "intersection-observer": "^0.7.0",
      "lodash.isequal": "^4.5.0",
      "resize-observer-polyfill": "^1.5.1",
      "screenfull": "^5.0.0"
    },
    "peerDependencies": {
      "react": "^16.8.6"
    },
    "devDependencies": {
      "antd": "^3.26.6",
      "react-drag-listview": "^0.1.6",
      "@types/lodash.debounce": "^4.0.6",
      "@types/lodash.isequal": "^4.5.5",
      "@types/lodash.throttle": "^4.1.6",
      "@types/react": "^16.9.35",
      "@wessberg/rollup-plugin-ts": "^1.2.24",
      "rollup": "^2.6.1",
      "typescript": "3.7.3",
      "axios": "^0.19.2",
      "react": "^16.8.6",
      "react-dom": "^16.8.6"
    },
    "engines": {
      "node": ">=8.0.0"
    },
    "license": "MIT",
    "gitHead": "4ea8f5c04c06eff2a33b2be473a8f7460909bebb"
  }

yarn manifest: 
  No manifest

Lockfile: 
  No lockfile
